Dev backend listening on http://localhost:3000
WS client connected: ::1
WS msg: {"type":"get_snapshot"}
Stopped REST polling; using user data stream
Market trade WS connected for BTCUSDT
User data WS connected
Heartbeat: process alive — 2025-11-22T12:12:55.796Z PID: 31680
WS client disconnected
WS client connected: ::ffff:127.0.0.1
WS msg: {"type":"get_snapshot"}
Heartbeat: process alive — 2025-11-22T12:13:05.800Z PID: 31680
Heartbeat: process alive — 2025-11-22T12:13:15.813Z PID: 31680
Heartbeat: process alive — 2025-11-22T12:13:25.825Z PID: 31680
Heartbeat: process alive — 2025-11-22T12:13:35.833Z PID: 31680
WS client disconnected
WS client connected: ::ffff:127.0.0.1
WS msg: {"type":"get_snapshot"}
Heartbeat: process alive — 2025-11-22T12:13:45.838Z PID: 31680
Heartbeat: process alive — 2025-11-22T12:13:55.843Z PID: 31680
/symbols requested from ::1 ua=Mozilla/5.0 (Windows NT; Windows NT 10.0; ko-KR) WindowsPowerShell/5.1.26100.7019 q={"quote":"USDT","contractType":"PERPETUAL","status":"TRADING"}
Heartbeat: process alive — 2025-11-22T12:14:05.855Z PID: 31680
Heartbeat: process alive — 2025-11-22T12:14:15.861Z PID: 31680
Heartbeat: process alive — 2025-11-22T12:14:25.865Z PID: 31680
Heartbeat: process alive — 2025-11-22T12:14:35.880Z PID: 31680
Heartbeat: process alive — 2025-11-22T12:14:45.887Z PID: 31680
WS client disconnected
WS client connected: ::ffff:127.0.0.1
WS msg: {"type":"get_snapshot"}
Heartbeat: process alive — 2025-11-22T12:14:55.898Z PID: 31680
WS client connected: ::ffff:127.0.0.1
WS msg: {"type":"get_snapshot"}
Heartbeat: process alive — 2025-11-22T12:15:05.904Z PID: 31680
WS client disconnected
WS client connected: ::ffff:127.0.0.1
WS msg: {"type":"get_snapshot"}
WS client disconnected
Heartbeat: process alive — 2025-11-22T12:15:15.917Z PID: 31680
Heartbeat: process alive — 2025-11-22T12:15:25.929Z PID: 31680
Heartbeat: process alive — 2025-11-22T12:15:35.943Z PID: 31680
Heartbeat: process alive — 2025-11-22T12:15:45.956Z PID: 31680
