[33mThe CJS build of Vite's Node API is deprecated. See https://vite.dev/guide/troubleshooting.html#vite-cjs-node-api-deprecated for more details.[39m
[2m오후 8:24:59[22m [31m[1m[vite][22m[39m [31mhttp proxy error: /account[39m
AggregateError [ECONNREFUSED]: 
    at internalConnectMultiple (node:net:1134:18)
    at afterConnectMultiple (node:net:1715:7)
[2m오후 8:24:59[22m [31m[1m[vite][22m[39m [31mhttp proxy error: /account[39m
AggregateError [ECONNREFUSED]: 
    at internalConnectMultiple (node:net:1134:18)
    at afterConnectMultiple (node:net:1715:7)
[2m오후 8:24:59[22m [31m[1m[vite][22m[39m [31mhttp proxy error: /positions[39m
AggregateError [ECONNREFUSED]: 
    at internalConnectMultiple (node:net:1134:18)
    at afterConnectMultiple (node:net:1715:7)
[2m오후 8:24:59[22m [31m[1m[vite][22m[39m [31mhttp proxy error: /positions[39m
AggregateError [ECONNREFUSED]: 
    at internalConnectMultiple (node:net:1134:18)
    at afterConnectMultiple (node:net:1715:7)
[2m오후 8:25:02[22m [31m[1m[vite][22m[39m [31mws proxy error:[39m
AggregateError [ECONNREFUSED]: 
    at internalConnectMultiple (node:net:1134:18)
    at afterConnectMultiple (node:net:1715:7)
[2m오후 8:25:04[22m [31m[1m[vite][22m[39m [31mhttp proxy error: /account[39m
AggregateError [ECONNREFUSED]: 
    at internalConnectMultiple (node:net:1134:18)
    at afterConnectMultiple (node:net:1715:7)
[2m오후 8:25:04[22m [31m[1m[vite][22m[39m [31mhttp proxy error: /account[39m
AggregateError [ECONNREFUSED]: 
    at internalConnectMultiple (node:net:1134:18)
    at afterConnectMultiple (node:net:1715:7)
[2m오후 8:25:04[22m [31m[1m[vite][22m[39m [31mhttp proxy error: /positions[39m
AggregateError [ECONNREFUSED]: 
    at internalConnectMultiple (node:net:1134:18)
    at afterConnectMultiple (node:net:1715:7)
[2m오후 8:25:04[22m [31m[1m[vite][22m[39m [31mhttp proxy error: /positions[39m
AggregateError [ECONNREFUSED]: 
    at internalConnectMultiple (node:net:1134:18)
    at afterConnectMultiple (node:net:1715:7)
[2m오후 8:25:08[22m [31m[1m[vite][22m[39m [31mhttp proxy error: /account[39m
AggregateError [ECONNREFUSED]: 
    at internalConnectMultiple (node:net:1134:18)
    at afterConnectMultiple (node:net:1715:7)
[2m오후 8:25:08[22m [31m[1m[vite][22m[39m [31mhttp proxy error: /account[39m
AggregateError [ECONNREFUSED]: 
    at internalConnectMultiple (node:net:1134:18)
    at afterConnectMultiple (node:net:1715:7)
[2m오후 8:25:08[22m [31m[1m[vite][22m[39m [31mhttp proxy error: /positions[39m
AggregateError [ECONNREFUSED]: 
    at internalConnectMultiple (node:net:1134:18)
    at afterConnectMultiple (node:net:1715:7)
[2m오후 8:25:08[22m [31m[1m[vite][22m[39m [31mhttp proxy error: /positions[39m
AggregateError [ECONNREFUSED]: 
    at internalConnectMultiple (node:net:1134:18)
    at afterConnectMultiple (node:net:1715:7)
[2m오후 8:25:10[22m [31m[1m[vite][22m[39m [31mws proxy error:[39m
AggregateError [ECONNREFUSED]: 
    at internalConnectMultiple (node:net:1134:18)
    at afterConnectMultiple (node:net:1715:7)
[2m오후 8:25:15[22m [31m[1m[vite][22m[39m [31mws proxy error:[39m
AggregateError [ECONNREFUSED]: 
    at internalConnectMultiple (node:net:1134:18)
    at afterConnectMultiple (node:net:1715:7)
[2m오후 8:25:18[22m [31m[1m[vite][22m[39m [31mws proxy error:[39m
AggregateError [ECONNREFUSED]: 
    at internalConnectMultiple (node:net:1134:18)
    at afterConnectMultiple (node:net:1715:7)
[2m오후 8:25:18[22m [31m[1m[vite][22m[39m [31mhttp proxy error: /account[39m
AggregateError [ECONNREFUSED]: 
    at internalConnectMultiple (node:net:1134:18)
    at afterConnectMultiple (node:net:1715:7)
[2m오후 8:25:18[22m [31m[1m[vite][22m[39m [31mhttp proxy error: /positions[39m
AggregateError [ECONNREFUSED]: 
    at internalConnectMultiple (node:net:1134:18)
    at afterConnectMultiple (node:net:1715:7)
[2m오후 8:25:22[22m [31m[1m[vite][22m[39m [31mws proxy error:[39m
AggregateError [ECONNREFUSED]: 
    at internalConnectMultiple (node:net:1134:18)
    at afterConnectMultiple (node:net:1715:7)
[2m오후 8:25:28[22m [31m[1m[vite][22m[39m [31mws proxy error:[39m
AggregateError [ECONNREFUSED]: 
    at internalConnectMultiple (node:net:1134:18)
    at afterConnectMultiple (node:net:1715:7)
[2m오후 8:25:28[22m [31m[1m[vite][22m[39m [31mhttp proxy error: /account[39m
AggregateError [ECONNREFUSED]: 
    at internalConnectMultiple (node:net:1134:18)
    at afterConnectMultiple (node:net:1715:7)
[2m오후 8:25:28[22m [31m[1m[vite][22m[39m [31mhttp proxy error: /positions[39m
AggregateError [ECONNREFUSED]: 
    at internalConnectMultiple (node:net:1134:18)
    at afterConnectMultiple (node:net:1715:7)
[2m오후 8:25:37[22m [31m[1m[vite][22m[39m [31mws proxy error:[39m
AggregateError [ECONNREFUSED]: 
    at internalConnectMultiple (node:net:1134:18)
    at afterConnectMultiple (node:net:1715:7)
[2m오후 8:25:39[22m [31m[1m[vite][22m[39m [31mhttp proxy error: /account[39m
AggregateError [ECONNREFUSED]: 
    at internalConnectMultiple (node:net:1134:18)
    at afterConnectMultiple (node:net:1715:7)
[2m오후 8:25:39[22m [31m[1m[vite][22m[39m [31mhttp proxy error: /positions[39m
AggregateError [ECONNREFUSED]: 
    at internalConnectMultiple (node:net:1134:18)
    at afterConnectMultiple (node:net:1715:7)
[2m오후 8:25:48[22m [31m[1m[vite][22m[39m [31mhttp proxy error: /account[39m
AggregateError [ECONNREFUSED]: 
    at internalConnectMultiple (node:net:1134:18)
    at afterConnectMultiple (node:net:1715:7)
[2m오후 8:25:48[22m [31m[1m[vite][22m[39m [31mhttp proxy error: /positions[39m
AggregateError [ECONNREFUSED]: 
    at internalConnectMultiple (node:net:1134:18)
    at afterConnectMultiple (node:net:1715:7)
[2m오후 8:25:51[22m [31m[1m[vite][22m[39m [31mws proxy error:[39m
AggregateError [ECONNREFUSED]: 
    at internalConnectMultiple (node:net:1134:18)
    at afterConnectMultiple (node:net:1715:7)
[2m오후 8:25:58[22m [31m[1m[vite][22m[39m [31mhttp proxy error: /account[39m
AggregateError [ECONNREFUSED]: 
    at internalConnectMultiple (node:net:1134:18)
    at afterConnectMultiple (node:net:1715:7)
[2m오후 8:25:58[22m [31m[1m[vite][22m[39m [31mhttp proxy error: /positions[39m
AggregateError [ECONNREFUSED]: 
    at internalConnectMultiple (node:net:1134:18)
    at afterConnectMultiple (node:net:1715:7)
[2m오후 8:26:08[22m [31m[1m[vite][22m[39m [31mhttp proxy error: /account[39m
AggregateError [ECONNREFUSED]: 
    at internalConnectMultiple (node:net:1134:18)
    at afterConnectMultiple (node:net:1715:7)
[2m오후 8:26:08[22m [31m[1m[vite][22m[39m [31mhttp proxy error: /positions[39m
AggregateError [ECONNREFUSED]: 
    at internalConnectMultiple (node:net:1134:18)
    at afterConnectMultiple (node:net:1715:7)
[2m오후 8:26:13[22m [31m[1m[vite][22m[39m [31mws proxy error:[39m
AggregateError [ECONNREFUSED]: 
    at internalConnectMultiple (node:net:1134:18)
    at afterConnectMultiple (node:net:1715:7)
[2m오후 8:26:43[22m [31m[1m[vite][22m[39m [31mws proxy error:[39m
AggregateError [ECONNREFUSED]: 
    at internalConnectMultiple (node:net:1134:18)
    at afterConnectMultiple (node:net:1715:7)
[2m오후 8:26:56[22m [31m[1m[vite][22m[39m [31mhttp proxy error: /account[39m
AggregateError [ECONNREFUSED]: 
    at internalConnectMultiple (node:net:1134:18)
    at afterConnectMultiple (node:net:1715:7)
[2m오후 8:26:56[22m [31m[1m[vite][22m[39m [31mhttp proxy error: /positions[39m
AggregateError [ECONNREFUSED]: 
    at internalConnectMultiple (node:net:1134:18)
    at afterConnectMultiple (node:net:1715:7)
[2m오후 8:26:58[22m [31m[1m[vite][22m[39m [31mhttp proxy error: /account[39m
AggregateError [ECONNREFUSED]: 
    at internalConnectMultiple (node:net:1134:18)
    at afterConnectMultiple (node:net:1715:7)
[2m오후 8:26:58[22m [31m[1m[vite][22m[39m [31mhttp proxy error: /positions[39m
AggregateError [ECONNREFUSED]: 
    at internalConnectMultiple (node:net:1134:18)
    at afterConnectMultiple (node:net:1715:7)
[2m오후 8:26:59[22m [31m[1m[vite][22m[39m [31mhttp proxy error: /account[39m
AggregateError [ECONNREFUSED]: 
    at internalConnectMultiple (node:net:1134:18)
    at afterConnectMultiple (node:net:1715:7)
[2m오후 8:26:59[22m [31m[1m[vite][22m[39m [31mhttp proxy error: /account[39m
AggregateError [ECONNREFUSED]: 
    at internalConnectMultiple (node:net:1134:18)
    at afterConnectMultiple (node:net:1715:7)
[2m오후 8:26:59[22m [31m[1m[vite][22m[39m [31mhttp proxy error: /positions[39m
AggregateError [ECONNREFUSED]: 
    at internalConnectMultiple (node:net:1134:18)
    at afterConnectMultiple (node:net:1715:7)
[2m오후 8:26:59[22m [31m[1m[vite][22m[39m [31mhttp proxy error: /positions[39m
AggregateError [ECONNREFUSED]: 
    at internalConnectMultiple (node:net:1134:18)
    at afterConnectMultiple (node:net:1715:7)
[2m오후 8:27:04[22m [31m[1m[vite][22m[39m [31mws proxy error:[39m
AggregateError [ECONNREFUSED]: 
    at internalConnectMultiple (node:net:1134:18)
    at afterConnectMultiple (node:net:1715:7)
[2m오후 8:27:09[22m [31m[1m[vite][22m[39m [31mhttp proxy error: /account[39m
AggregateError [ECONNREFUSED]: 
    at internalConnectMultiple (node:net:1134:18)
    at afterConnectMultiple (node:net:1715:7)
[2m오후 8:27:09[22m [31m[1m[vite][22m[39m [31mhttp proxy error: /positions[39m
AggregateError [ECONNREFUSED]: 
    at internalConnectMultiple (node:net:1134:18)
    at afterConnectMultiple (node:net:1715:7)
[2m오후 8:27:09[22m [31m[1m[vite][22m[39m [31mws proxy error:[39m
AggregateError [ECONNREFUSED]: 
    at internalConnectMultiple (node:net:1134:18)
    at afterConnectMultiple (node:net:1715:7)
[2m오후 8:27:13[22m [31m[1m[vite][22m[39m [31mws proxy error:[39m
AggregateError [ECONNREFUSED]: 
    at internalConnectMultiple (node:net:1134:18)
    at afterConnectMultiple (node:net:1715:7)
[2m오후 8:27:18[22m [31m[1m[vite][22m[39m [31mws proxy error:[39m
AggregateError [ECONNREFUSED]: 
    at internalConnectMultiple (node:net:1134:18)
    at afterConnectMultiple (node:net:1715:7)
[2m오후 8:27:19[22m [31m[1m[vite][22m[39m [31mhttp proxy error: /account[39m
AggregateError [ECONNREFUSED]: 
    at internalConnectMultiple (node:net:1134:18)
    at afterConnectMultiple (node:net:1715:7)
[2m오후 8:27:19[22m [31m[1m[vite][22m[39m [31mhttp proxy error: /positions[39m
AggregateError [ECONNREFUSED]: 
    at internalConnectMultiple (node:net:1134:18)
    at afterConnectMultiple (node:net:1715:7)
[2m오후 8:27:29[22m [31m[1m[vite][22m[39m [31mhttp proxy error: /account[39m
AggregateError [ECONNREFUSED]: 
    at internalConnectMultiple (node:net:1134:18)
    at afterConnectMultiple (node:net:1715:7)
[2m오후 8:27:29[22m [31m[1m[vite][22m[39m [31mhttp proxy error: /positions[39m
AggregateError [ECONNREFUSED]: 
    at internalConnectMultiple (node:net:1134:18)
    at afterConnectMultiple (node:net:1715:7)
[2m오후 8:27:39[22m [31m[1m[vite][22m[39m [31mhttp proxy error: /account[39m
AggregateError [ECONNREFUSED]: 
    at internalConnectMultiple (node:net:1134:18)
    at afterConnectMultiple (node:net:1715:7)
[2m오후 8:27:39[22m [31m[1m[vite][22m[39m [31mhttp proxy error: /positions[39m
AggregateError [ECONNREFUSED]: 
    at internalConnectMultiple (node:net:1134:18)
    at afterConnectMultiple (node:net:1715:7)
[2m오후 8:27:42[22m [31m[1m[vite][22m[39m [31mws proxy error:[39m
AggregateError [ECONNREFUSED]: 
    at internalConnectMultiple (node:net:1134:18)
    at afterConnectMultiple (node:net:1715:7)
[2m오후 8:27:49[22m [31m[1m[vite][22m[39m [31mhttp proxy error: /account[39m
AggregateError [ECONNREFUSED]: 
    at internalConnectMultiple (node:net:1134:18)
    at afterConnectMultiple (node:net:1715:7)
[2m오후 8:27:49[22m [31m[1m[vite][22m[39m [31mhttp proxy error: /positions[39m
AggregateError [ECONNREFUSED]: 
    at internalConnectMultiple (node:net:1134:18)
    at afterConnectMultiple (node:net:1715:7)
[2m오후 8:58:12[22m [31m[1m[vite][22m[39m [31mInternal server error: [postcss] C:/Users/e1it3/Desktop/program/binance_auto_trade/src/styles.css:113:1: Unexpected }[39m
  Plugin: [35mvite:css[39m
  File: [36mC:/Users/e1it3/Desktop/program/binance_auto_trade/src/styles.css[39m:113:0
[33m  111|    border: 1px solid var(--border);
  112|    overflow: auto;
  113|  }
     |  ^
  114|  .card.no-frame { background:transparent; border:none; padding:0 }
  115|  [39m
      at Input.error (C:\Users\e1it3\Desktop\program\binance_auto_trade\node_modules\postcss\lib\input.js:135:16)
      at Parser.unexpectedClose (C:\Users\e1it3\Desktop\program\binance_auto_trade\node_modules\postcss\lib\parser.js:587:22)
      at Parser.end (C:\Users\e1it3\Desktop\program\binance_auto_trade\node_modules\postcss\lib\parser.js:330:12)
      at Parser.parse (C:\Users\e1it3\Desktop\program\binance_auto_trade\node_modules\postcss\lib\parser.js:456:16)
      at parse (C:\Users\e1it3\Desktop\program\binance_auto_trade\node_modules\postcss\lib\parse.js:11:12)
      at new LazyResult (C:\Users\e1it3\Desktop\program\binance_auto_trade\node_modules\postcss\lib\lazy-result.js:165:16)
      at Processor.process (C:\Users\e1it3\Desktop\program\binance_auto_trade\node_modules\postcss\lib\processor.js:53:14)
      at compileCSS (file:///C:/Users/e1it3/Desktop/program/binance_auto_trade/node_modules/vite/dist/node/chunks/dep-BK3b2jBa.js:36898:59)
      at async TransformPluginContext.transform (file:///C:/Users/e1it3/Desktop/program/binance_auto_trade/node_modules/vite/dist/node/chunks/dep-BK3b2jBa.js:36171:11)
      at async PluginContainer.transform (file:///C:/Users/e1it3/Desktop/program/binance_auto_trade/node_modules/vite/dist/node/chunks/dep-BK3b2jBa.js:49099:18)
      at async loadAndTransform (file:///C:/Users/e1it3/Desktop/program/binance_auto_trade/node_modules/vite/dist/node/chunks/dep-BK3b2jBa.js:51978:27)
      at async viteTransformMiddleware (file:///C:/Users/e1it3/Desktop/program/binance_auto_trade/node_modules/vite/dist/node/chunks/dep-BK3b2jBa.js:62106:24)
[2m오후 9:49:58[22m [31m[1m[vite][22m[39m [31mws proxy error:[39m
AggregateError [ECONNREFUSED]: 
    at internalConnectMultiple (node:net:1134:18)
    at afterConnectMultiple (node:net:1715:7)
